c:\users\home\desktop\software\barton_a1\builds\visualstudio2017\x64\debug\shared code\plugineditor.obj
c:\users\home\desktop\software\barton_a1\builds\visualstudio2017\x64\debug\shared code\include_juce_audio_processors.obj
c:\users\home\desktop\software\barton_a1\builds\visualstudio2017\x64\debug\shared code\include_juce_gui_extra.obj
c:\users\home\desktop\software\barton_a1\builds\visualstudio2017\x64\debug\shared code\include_juce_audio_devices.obj
c:\users\home\desktop\software\barton_a1\builds\visualstudio2017\x64\debug\shared code\include_juce_audio_utils.obj
c:\users\home\desktop\software\barton_a1\builds\visualstudio2017\x64\debug\shared code\include_juce_events.obj
c:\users\home\desktop\software\barton_a1\builds\visualstudio2017\x64\debug\shared code\include_juce_opengl.obj
c:\users\home\desktop\software\barton_a1\builds\visualstudio2017\x64\debug\shared code\pluginprocessor.obj
c:\users\home\desktop\software\barton_a1\builds\visualstudio2017\x64\debug\shared code\include_juce_audio_plugin_client_utils.obj
c:\users\home\desktop\software\barton_a1\builds\visualstudio2017\x64\debug\shared code\include_juce_cryptography.obj
c:\users\home\desktop\software\barton_a1\builds\visualstudio2017\x64\debug\shared code\include_juce_data_structures.obj
c:\users\home\desktop\software\barton_a1\builds\visualstudio2017\x64\debug\shared code\include_juce_graphics.obj
c:\users\home\desktop\software\barton_a1\builds\visualstudio2017\x64\debug\shared code\include_juce_audio_basics.obj
c:\users\home\desktop\software\barton_a1\builds\visualstudio2017\x64\debug\shared code\include_juce_audio_formats.obj
c:\users\home\desktop\software\barton_a1\builds\visualstudio2017\x64\debug\shared code\include_juce_core.obj
c:\users\home\desktop\software\barton_a1\builds\visualstudio2017\x64\debug\shared code\include_juce_gui_basics.obj
c:\users\home\desktop\software\barton_a1\builds\visualstudio2017\x64\debug\shared code\barton_a1_sharedcode.pdb
c:\users\home\desktop\software\barton_a1\builds\visualstudio2017\x64\debug\shared code\barton_a1.lib
c:\users\home\desktop\software\barton_a1\builds\visualstudio2017\x64\debug\shared code\barton_a.41f7079a.tlog\cl.1576.write.1.tlog
c:\users\home\desktop\software\barton_a1\builds\visualstudio2017\x64\debug\shared code\barton_a.41f7079a.tlog\cl.command.1.tlog
c:\users\home\desktop\software\barton_a1\builds\visualstudio2017\x64\debug\shared code\barton_a.41f7079a.tlog\cl.read.1.tlog
c:\users\home\desktop\software\barton_a1\builds\visualstudio2017\x64\debug\shared code\barton_a.41f7079a.tlog\lib-link.read.1.tlog
c:\users\home\desktop\software\barton_a1\builds\visualstudio2017\x64\debug\shared code\barton_a.41f7079a.tlog\lib-link.write.1.tlog
c:\users\home\desktop\software\barton_a1\builds\visualstudio2017\x64\debug\shared code\barton_a.41f7079a.tlog\lib.command.1.tlog
